mode: set
github.com/robertgarayshin/wms/config/config.go:34.35,38.16 3 0
github.com/robertgarayshin/wms/config/config.go:38.16,40.3 1 0
github.com/robertgarayshin/wms/config/config.go:42.2,43.16 2 0
github.com/robertgarayshin/wms/config/config.go:43.16,45.3 1 0
github.com/robertgarayshin/wms/config/config.go:47.2,47.17 1 0
github.com/robertgarayshin/wms/internal/app/app.go:20.30,25.16 3 0
github.com/robertgarayshin/wms/internal/app/app.go:25.16,27.3 1 0
github.com/robertgarayshin/wms/internal/app/app.go:28.2,57.9 10 0
github.com/robertgarayshin/wms/internal/app/app.go:58.24,59.34 1 0
github.com/robertgarayshin/wms/internal/app/app.go:60.35,61.52 1 0
github.com/robertgarayshin/wms/internal/app/app.go:65.2,66.16 2 0
github.com/robertgarayshin/wms/internal/app/app.go:66.16,68.3 1 0
github.com/robertgarayshin/wms/docs/docs.go:349.13,351.2 1 0
github.com/robertgarayshin/wms/cmd/app/main.go:10.13,12.16 2 0
github.com/robertgarayshin/wms/cmd/app/main.go:12.16,14.3 1 0
github.com/robertgarayshin/wms/cmd/app/main.go:16.2,16.14 1 0
github.com/robertgarayshin/wms/internal/infrastructure/repo/items_postgres.go:17.80,19.16 2 0
github.com/robertgarayshin/wms/internal/infrastructure/repo/items_postgres.go:19.16,21.3 1 0
github.com/robertgarayshin/wms/internal/infrastructure/repo/items_postgres.go:23.2,23.29 1 0
github.com/robertgarayshin/wms/internal/infrastructure/repo/items_postgres.go:23.29,29.17 5 0
github.com/robertgarayshin/wms/internal/infrastructure/repo/items_postgres.go:29.17,31.28 2 0
github.com/robertgarayshin/wms/internal/infrastructure/repo/items_postgres.go:31.28,33.5 1 0
github.com/robertgarayshin/wms/internal/infrastructure/repo/items_postgres.go:35.4,35.100 1 0
github.com/robertgarayshin/wms/internal/infrastructure/repo/items_postgres.go:36.9,36.21 1 0
github.com/robertgarayshin/wms/internal/infrastructure/repo/items_postgres.go:36.21,38.28 2 0
github.com/robertgarayshin/wms/internal/infrastructure/repo/items_postgres.go:38.28,40.5 1 0
github.com/robertgarayshin/wms/internal/infrastructure/repo/items_postgres.go:42.4,42.38 1 0
github.com/robertgarayshin/wms/internal/infrastructure/repo/items_postgres.go:45.3,54.17 3 0
github.com/robertgarayshin/wms/internal/infrastructure/repo/items_postgres.go:54.17,56.28 2 0
github.com/robertgarayshin/wms/internal/infrastructure/repo/items_postgres.go:56.28,58.5 1 0
github.com/robertgarayshin/wms/internal/infrastructure/repo/items_postgres.go:60.4,60.71 1 0
github.com/robertgarayshin/wms/internal/infrastructure/repo/items_postgres.go:64.2,64.38 1 0
github.com/robertgarayshin/wms/internal/infrastructure/repo/items_postgres.go:64.38,65.62 1 0
github.com/robertgarayshin/wms/internal/infrastructure/repo/items_postgres.go:65.62,67.4 1 0
github.com/robertgarayshin/wms/internal/infrastructure/repo/items_postgres.go:68.3,68.60 1 0
github.com/robertgarayshin/wms/internal/infrastructure/repo/items_postgres.go:71.2,71.12 1 0
github.com/robertgarayshin/wms/internal/infrastructure/repo/items_postgres.go:74.103,77.16 3 0
github.com/robertgarayshin/wms/internal/infrastructure/repo/items_postgres.go:77.16,79.3 1 0
github.com/robertgarayshin/wms/internal/infrastructure/repo/items_postgres.go:80.2,83.16 2 0
github.com/robertgarayshin/wms/internal/infrastructure/repo/items_postgres.go:83.16,85.27 2 0
github.com/robertgarayshin/wms/internal/infrastructure/repo/items_postgres.go:85.27,87.4 1 0
github.com/robertgarayshin/wms/internal/infrastructure/repo/items_postgres.go:89.3,89.58 1 0
github.com/robertgarayshin/wms/internal/infrastructure/repo/items_postgres.go:92.2,93.16 2 0
github.com/robertgarayshin/wms/internal/infrastructure/repo/items_postgres.go:93.16,95.27 2 0
github.com/robertgarayshin/wms/internal/infrastructure/repo/items_postgres.go:95.27,97.4 1 0
github.com/robertgarayshin/wms/internal/infrastructure/repo/items_postgres.go:99.3,99.59 1 0
github.com/robertgarayshin/wms/internal/infrastructure/repo/items_postgres.go:102.2,102.18 1 0
github.com/robertgarayshin/wms/internal/infrastructure/repo/items_postgres.go:102.18,107.17 4 0
github.com/robertgarayshin/wms/internal/infrastructure/repo/items_postgres.go:107.17,109.28 2 0
github.com/robertgarayshin/wms/internal/infrastructure/repo/items_postgres.go:109.28,111.5 1 0
github.com/robertgarayshin/wms/internal/infrastructure/repo/items_postgres.go:113.4,113.63 1 0
github.com/robertgarayshin/wms/internal/infrastructure/repo/items_postgres.go:116.3,116.21 1 0
github.com/robertgarayshin/wms/internal/infrastructure/repo/items_postgres.go:119.2,119.38 1 0
github.com/robertgarayshin/wms/internal/infrastructure/repo/items_postgres.go:119.38,120.62 1 0
github.com/robertgarayshin/wms/internal/infrastructure/repo/items_postgres.go:120.62,122.4 1 0
github.com/robertgarayshin/wms/internal/infrastructure/repo/items_postgres.go:124.3,124.65 1 0
github.com/robertgarayshin/wms/internal/infrastructure/repo/items_postgres.go:127.2,127.17 1 0
github.com/robertgarayshin/wms/internal/infrastructure/repo/items_postgres.go:130.59,132.2 1 0
github.com/robertgarayshin/wms/internal/infrastructure/repo/reservations_postgres.go:15.87,18.38 2 0
github.com/robertgarayshin/wms/internal/infrastructure/repo/reservations_postgres.go:18.38,20.17 2 0
github.com/robertgarayshin/wms/internal/infrastructure/repo/reservations_postgres.go:20.17,22.4 1 0
github.com/robertgarayshin/wms/internal/infrastructure/repo/reservations_postgres.go:34.3,39.17 4 0
github.com/robertgarayshin/wms/internal/infrastructure/repo/reservations_postgres.go:39.17,40.63 1 0
github.com/robertgarayshin/wms/internal/infrastructure/repo/reservations_postgres.go:40.63,42.5 1 0
github.com/robertgarayshin/wms/internal/infrastructure/repo/reservations_postgres.go:44.4,44.51 1 0
github.com/robertgarayshin/wms/internal/infrastructure/repo/reservations_postgres.go:47.3,52.48 3 0
github.com/robertgarayshin/wms/internal/infrastructure/repo/reservations_postgres.go:52.48,53.63 1 0
github.com/robertgarayshin/wms/internal/infrastructure/repo/reservations_postgres.go:53.63,55.5 1 0
github.com/robertgarayshin/wms/internal/infrastructure/repo/reservations_postgres.go:57.4,57.71 1 0
github.com/robertgarayshin/wms/internal/infrastructure/repo/reservations_postgres.go:60.3,60.20 1 0
github.com/robertgarayshin/wms/internal/infrastructure/repo/reservations_postgres.go:60.20,61.63 1 0
github.com/robertgarayshin/wms/internal/infrastructure/repo/reservations_postgres.go:61.63,63.5 1 0
github.com/robertgarayshin/wms/internal/infrastructure/repo/reservations_postgres.go:65.4,65.47 1 0
github.com/robertgarayshin/wms/internal/infrastructure/repo/reservations_postgres.go:68.3,74.17 3 0
github.com/robertgarayshin/wms/internal/infrastructure/repo/reservations_postgres.go:74.17,75.63 1 0
github.com/robertgarayshin/wms/internal/infrastructure/repo/reservations_postgres.go:75.63,77.5 1 0
github.com/robertgarayshin/wms/internal/infrastructure/repo/reservations_postgres.go:79.4,79.68 1 0
github.com/robertgarayshin/wms/internal/infrastructure/repo/reservations_postgres.go:82.3,82.39 1 0
github.com/robertgarayshin/wms/internal/infrastructure/repo/reservations_postgres.go:82.39,83.63 1 0
github.com/robertgarayshin/wms/internal/infrastructure/repo/reservations_postgres.go:83.63,85.5 1 0
github.com/robertgarayshin/wms/internal/infrastructure/repo/reservations_postgres.go:87.4,87.61 1 0
github.com/robertgarayshin/wms/internal/infrastructure/repo/reservations_postgres.go:91.2,91.12 1 0
github.com/robertgarayshin/wms/internal/infrastructure/repo/reservations_postgres.go:94.87,97.44 2 0
github.com/robertgarayshin/wms/internal/infrastructure/repo/reservations_postgres.go:97.44,99.17 2 0
github.com/robertgarayshin/wms/internal/infrastructure/repo/reservations_postgres.go:99.17,101.4 1 0
github.com/robertgarayshin/wms/internal/infrastructure/repo/reservations_postgres.go:103.3,111.48 5 0
github.com/robertgarayshin/wms/internal/infrastructure/repo/reservations_postgres.go:111.48,112.59 1 0
github.com/robertgarayshin/wms/internal/infrastructure/repo/reservations_postgres.go:112.59,114.5 1 0
github.com/robertgarayshin/wms/internal/infrastructure/repo/reservations_postgres.go:116.4,116.71 1 0
github.com/robertgarayshin/wms/internal/infrastructure/repo/reservations_postgres.go:119.3,119.20 1 0
github.com/robertgarayshin/wms/internal/infrastructure/repo/reservations_postgres.go:119.20,120.59 1 0
github.com/robertgarayshin/wms/internal/infrastructure/repo/reservations_postgres.go:120.59,122.5 1 0
github.com/robertgarayshin/wms/internal/infrastructure/repo/reservations_postgres.go:124.4,124.47 1 0
github.com/robertgarayshin/wms/internal/infrastructure/repo/reservations_postgres.go:127.3,130.17 2 0
github.com/robertgarayshin/wms/internal/infrastructure/repo/reservations_postgres.go:130.17,131.59 1 0
github.com/robertgarayshin/wms/internal/infrastructure/repo/reservations_postgres.go:131.59,133.5 1 0
github.com/robertgarayshin/wms/internal/infrastructure/repo/reservations_postgres.go:135.4,135.58 1 0
github.com/robertgarayshin/wms/internal/infrastructure/repo/reservations_postgres.go:138.3,139.20 2 0
github.com/robertgarayshin/wms/internal/infrastructure/repo/reservations_postgres.go:139.20,140.59 1 0
github.com/robertgarayshin/wms/internal/infrastructure/repo/reservations_postgres.go:140.59,142.5 1 0
github.com/robertgarayshin/wms/internal/infrastructure/repo/reservations_postgres.go:144.4,144.40 1 0
github.com/robertgarayshin/wms/internal/infrastructure/repo/reservations_postgres.go:145.9,145.24 1 0
github.com/robertgarayshin/wms/internal/infrastructure/repo/reservations_postgres.go:145.24,146.59 1 0
github.com/robertgarayshin/wms/internal/infrastructure/repo/reservations_postgres.go:146.59,148.5 1 0
github.com/robertgarayshin/wms/internal/infrastructure/repo/reservations_postgres.go:150.4,150.66 1 0
github.com/robertgarayshin/wms/internal/infrastructure/repo/reservations_postgres.go:153.3,159.17 3 0
github.com/robertgarayshin/wms/internal/infrastructure/repo/reservations_postgres.go:159.17,160.59 1 0
github.com/robertgarayshin/wms/internal/infrastructure/repo/reservations_postgres.go:160.59,162.5 1 0
github.com/robertgarayshin/wms/internal/infrastructure/repo/reservations_postgres.go:164.4,164.58 1 0
github.com/robertgarayshin/wms/internal/infrastructure/repo/reservations_postgres.go:167.3,167.39 1 0
github.com/robertgarayshin/wms/internal/infrastructure/repo/reservations_postgres.go:167.39,168.59 1 0
github.com/robertgarayshin/wms/internal/infrastructure/repo/reservations_postgres.go:168.59,170.5 1 0
github.com/robertgarayshin/wms/internal/infrastructure/repo/reservations_postgres.go:172.4,172.61 1 0
github.com/robertgarayshin/wms/internal/infrastructure/repo/reservations_postgres.go:176.2,176.12 1 0
github.com/robertgarayshin/wms/internal/infrastructure/repo/reservations_postgres.go:179.76,182.25 2 0
github.com/robertgarayshin/wms/internal/infrastructure/repo/reservations_postgres.go:182.25,184.3 1 0
github.com/robertgarayshin/wms/internal/infrastructure/repo/reservations_postgres.go:186.2,186.12 1 0
github.com/robertgarayshin/wms/internal/infrastructure/repo/reservations_postgres.go:189.65,191.2 1 0
github.com/robertgarayshin/wms/internal/infrastructure/repo/warehouses_postgres.go:15.97,17.16 2 0
github.com/robertgarayshin/wms/internal/infrastructure/repo/warehouses_postgres.go:17.16,19.3 1 0
github.com/robertgarayshin/wms/internal/infrastructure/repo/warehouses_postgres.go:21.2,24.16 2 0
github.com/robertgarayshin/wms/internal/infrastructure/repo/warehouses_postgres.go:24.16,25.58 1 0
github.com/robertgarayshin/wms/internal/infrastructure/repo/warehouses_postgres.go:25.58,27.4 1 0
github.com/robertgarayshin/wms/internal/infrastructure/repo/warehouses_postgres.go:29.3,29.57 1 0
github.com/robertgarayshin/wms/internal/infrastructure/repo/warehouses_postgres.go:32.2,33.16 2 0
github.com/robertgarayshin/wms/internal/infrastructure/repo/warehouses_postgres.go:33.16,34.58 1 0
github.com/robertgarayshin/wms/internal/infrastructure/repo/warehouses_postgres.go:34.58,36.4 1 0
github.com/robertgarayshin/wms/internal/infrastructure/repo/warehouses_postgres.go:38.3,38.57 1 0
github.com/robertgarayshin/wms/internal/infrastructure/repo/warehouses_postgres.go:41.2,41.38 1 0
github.com/robertgarayshin/wms/internal/infrastructure/repo/warehouses_postgres.go:41.38,42.58 1 0
github.com/robertgarayshin/wms/internal/infrastructure/repo/warehouses_postgres.go:42.58,44.4 1 0
github.com/robertgarayshin/wms/internal/infrastructure/repo/warehouses_postgres.go:46.3,46.60 1 0
github.com/robertgarayshin/wms/internal/infrastructure/repo/warehouses_postgres.go:49.2,49.12 1 0
github.com/robertgarayshin/wms/internal/infrastructure/repo/warehouses_postgres.go:52.62,54.2 1 0
github.com/robertgarayshin/wms/internal/usecase/mock/mocks.go:28.55,32.2 3 0
github.com/robertgarayshin/wms/internal/usecase/mock/mocks.go:35.53,37.2 1 0
github.com/robertgarayshin/wms/internal/usecase/mock/mocks.go:40.81,45.2 4 0
github.com/robertgarayshin/wms/internal/usecase/mock/mocks.go:48.83,51.2 2 0
github.com/robertgarayshin/wms/internal/usecase/mock/mocks.go:54.86,60.2 5 0
github.com/robertgarayshin/wms/internal/usecase/mock/mocks.go:63.80,66.2 2 0
github.com/robertgarayshin/wms/internal/usecase/mock/mocks.go:80.69,84.2 3 0
github.com/robertgarayshin/wms/internal/usecase/mock/mocks.go:87.67,89.2 1 0
github.com/robertgarayshin/wms/internal/usecase/mock/mocks.go:92.89,97.2 4 0
github.com/robertgarayshin/wms/internal/usecase/mock/mocks.go:100.96,103.2 2 0
github.com/robertgarayshin/wms/internal/usecase/mock/mocks.go:106.79,111.2 4 0
github.com/robertgarayshin/wms/internal/usecase/mock/mocks.go:114.86,117.2 2 0
github.com/robertgarayshin/wms/internal/usecase/mock/mocks.go:131.63,135.2 3 0
github.com/robertgarayshin/wms/internal/usecase/mock/mocks.go:138.61,140.2 1 0
github.com/robertgarayshin/wms/internal/usecase/mock/mocks.go:143.96,148.2 4 0
github.com/robertgarayshin/wms/internal/usecase/mock/mocks.go:151.95,154.2 2 0
github.com/robertgarayshin/wms/internal/usecase/mock/mocks.go:168.63,172.2 3 0
github.com/robertgarayshin/wms/internal/usecase/mock/mocks.go:175.61,177.2 1 0
github.com/robertgarayshin/wms/internal/usecase/mock/mocks.go:180.101,186.2 5 0
github.com/robertgarayshin/wms/internal/usecase/mock/mocks.go:189.95,192.2 2 0
github.com/robertgarayshin/wms/internal/usecase/mock/mocks.go:195.84,200.2 4 0
github.com/robertgarayshin/wms/internal/usecase/mock/mocks.go:203.86,206.2 2 0
github.com/robertgarayshin/wms/internal/usecase/mock/mocks.go:220.77,224.2 3 0
github.com/robertgarayshin/wms/internal/usecase/mock/mocks.go:227.75,229.2 1 0
github.com/robertgarayshin/wms/internal/usecase/mock/mocks.go:232.93,237.2 4 0
github.com/robertgarayshin/wms/internal/usecase/mock/mocks.go:240.100,243.2 2 0
github.com/robertgarayshin/wms/internal/usecase/mock/mocks.go:246.93,251.2 4 0
github.com/robertgarayshin/wms/internal/usecase/mock/mocks.go:254.100,257.2 2 0
github.com/robertgarayshin/wms/internal/usecase/mock/mocks.go:271.73,275.2 3 0
github.com/robertgarayshin/wms/internal/usecase/mock/mocks.go:278.71,280.2 1 0
github.com/robertgarayshin/wms/internal/usecase/mock/mocks.go:283.97,288.2 4 0
github.com/robertgarayshin/wms/internal/usecase/mock/mocks.go:291.96,294.2 2 0
github.com/robertgarayshin/wms/pkg/httpserver/options.go:12.31,13.25 1 0
github.com/robertgarayshin/wms/pkg/httpserver/options.go:13.25,15.3 1 0
github.com/robertgarayshin/wms/pkg/httpserver/options.go:19.48,20.25 1 0
github.com/robertgarayshin/wms/pkg/httpserver/options.go:20.25,22.3 1 0
github.com/robertgarayshin/wms/pkg/httpserver/options.go:26.49,27.25 1 0
github.com/robertgarayshin/wms/pkg/httpserver/options.go:27.25,29.3 1 0
github.com/robertgarayshin/wms/pkg/httpserver/options.go:33.52,34.25 1 0
github.com/robertgarayshin/wms/pkg/httpserver/options.go:34.25,36.3 1 0
github.com/robertgarayshin/wms/pkg/httpserver/server.go:25.56,40.27 3 0
github.com/robertgarayshin/wms/pkg/httpserver/server.go:40.27,42.3 1 0
github.com/robertgarayshin/wms/pkg/httpserver/server.go:44.2,46.10 2 0
github.com/robertgarayshin/wms/pkg/httpserver/server.go:49.26,50.12 1 0
github.com/robertgarayshin/wms/pkg/httpserver/server.go:50.12,53.3 2 0
github.com/robertgarayshin/wms/pkg/httpserver/server.go:57.40,59.2 1 0
github.com/robertgarayshin/wms/pkg/httpserver/server.go:62.35,67.2 3 0
github.com/robertgarayshin/wms/pkg/logger/logger.go:25.32,28.32 2 0
github.com/robertgarayshin/wms/pkg/logger/logger.go:29.15,30.25 1 0
github.com/robertgarayshin/wms/pkg/logger/logger.go:31.14,32.24 1 0
github.com/robertgarayshin/wms/pkg/logger/logger.go:33.14,34.24 1 0
github.com/robertgarayshin/wms/pkg/logger/logger.go:35.15,36.25 1 0
github.com/robertgarayshin/wms/pkg/logger/logger.go:37.10,38.24 1 0
github.com/robertgarayshin/wms/pkg/logger/logger.go:41.2,49.3 4 0
github.com/robertgarayshin/wms/pkg/logger/logger.go:52.66,54.2 1 0
github.com/robertgarayshin/wms/pkg/logger/logger.go:56.60,58.2 1 0
github.com/robertgarayshin/wms/pkg/logger/logger.go:60.60,62.2 1 0
github.com/robertgarayshin/wms/pkg/logger/logger.go:64.66,65.47 1 0
github.com/robertgarayshin/wms/pkg/logger/logger.go:65.47,67.3 1 0
github.com/robertgarayshin/wms/pkg/logger/logger.go:69.2,69.34 1 0
github.com/robertgarayshin/wms/pkg/logger/logger.go:72.66,76.2 2 0
github.com/robertgarayshin/wms/pkg/logger/logger.go:78.59,79.20 1 0
github.com/robertgarayshin/wms/pkg/logger/logger.go:79.20,81.3 1 0
github.com/robertgarayshin/wms/pkg/logger/logger.go:81.8,83.3 1 0
github.com/robertgarayshin/wms/pkg/logger/logger.go:86.78,87.31 1 0
github.com/robertgarayshin/wms/pkg/logger/logger.go:88.13,89.30 1 0
github.com/robertgarayshin/wms/pkg/logger/logger.go:90.14,91.22 1 0
github.com/robertgarayshin/wms/pkg/logger/logger.go:92.10,93.88 1 0
github.com/robertgarayshin/wms/pkg/postgres/options.go:9.35,10.27 1 0
github.com/robertgarayshin/wms/pkg/postgres/options.go:10.27,12.3 1 0
github.com/robertgarayshin/wms/pkg/postgres/options.go:16.40,17.27 1 0
github.com/robertgarayshin/wms/pkg/postgres/options.go:17.27,19.3 1 0
github.com/robertgarayshin/wms/pkg/postgres/options.go:23.48,24.27 1 0
github.com/robertgarayshin/wms/pkg/postgres/options.go:24.27,26.3 1 0
github.com/robertgarayshin/wms/pkg/postgres/postgres.go:31.57,39.27 2 0
github.com/robertgarayshin/wms/pkg/postgres/postgres.go:39.27,41.3 1 0
github.com/robertgarayshin/wms/pkg/postgres/postgres.go:43.2,46.16 3 0
github.com/robertgarayshin/wms/pkg/postgres/postgres.go:46.16,48.3 1 0
github.com/robertgarayshin/wms/pkg/postgres/postgres.go:50.2,52.26 2 0
github.com/robertgarayshin/wms/pkg/postgres/postgres.go:52.26,54.17 2 0
github.com/robertgarayshin/wms/pkg/postgres/postgres.go:54.17,55.9 1 0
github.com/robertgarayshin/wms/pkg/postgres/postgres.go:58.3,62.20 3 0
github.com/robertgarayshin/wms/pkg/postgres/postgres.go:65.2,65.16 1 0
github.com/robertgarayshin/wms/pkg/postgres/postgres.go:65.16,67.3 1 0
github.com/robertgarayshin/wms/pkg/postgres/postgres.go:69.2,69.16 1 0
github.com/robertgarayshin/wms/pkg/postgres/postgres.go:73.28,74.19 1 0
github.com/robertgarayshin/wms/pkg/postgres/postgres.go:74.19,76.3 1 0
github.com/robertgarayshin/wms/internal/usecase/items_usecase.go:18.41,22.2 1 1
github.com/robertgarayshin/wms/internal/usecase/items_usecase.go:25.85,26.99 1 1
github.com/robertgarayshin/wms/internal/usecase/items_usecase.go:26.99,28.3 1 1
github.com/robertgarayshin/wms/internal/usecase/items_usecase.go:28.8,28.23 1 1
github.com/robertgarayshin/wms/internal/usecase/items_usecase.go:28.23,30.3 1 1
github.com/robertgarayshin/wms/internal/usecase/items_usecase.go:32.2,32.12 1 1
github.com/robertgarayshin/wms/internal/usecase/items_usecase.go:36.87,38.16 2 1
github.com/robertgarayshin/wms/internal/usecase/items_usecase.go:38.16,40.3 1 1
github.com/robertgarayshin/wms/internal/usecase/items_usecase.go:42.2,42.22 1 1
github.com/robertgarayshin/wms/internal/usecase/reservations_usecase.go:17.81,19.58 2 1
github.com/robertgarayshin/wms/internal/usecase/reservations_usecase.go:19.58,21.3 1 1
github.com/robertgarayshin/wms/internal/usecase/reservations_usecase.go:21.8,21.23 1 1
github.com/robertgarayshin/wms/internal/usecase/reservations_usecase.go:21.23,23.3 1 1
github.com/robertgarayshin/wms/internal/usecase/reservations_usecase.go:25.2,25.12 1 1
github.com/robertgarayshin/wms/internal/usecase/reservations_usecase.go:29.91,31.51 2 1
github.com/robertgarayshin/wms/internal/usecase/reservations_usecase.go:31.51,33.3 1 1
github.com/robertgarayshin/wms/internal/usecase/reservations_usecase.go:33.8,33.23 1 1
github.com/robertgarayshin/wms/internal/usecase/reservations_usecase.go:33.23,35.3 1 1
github.com/robertgarayshin/wms/internal/usecase/reservations_usecase.go:37.2,37.12 1 1
github.com/robertgarayshin/wms/internal/usecase/reservations_usecase.go:40.83,44.2 1 1
github.com/robertgarayshin/wms/internal/usecase/warehouses_usecase.go:16.100,17.79 1 1
github.com/robertgarayshin/wms/internal/usecase/warehouses_usecase.go:17.79,19.3 1 1
github.com/robertgarayshin/wms/internal/usecase/warehouses_usecase.go:21.2,21.12 1 1
github.com/robertgarayshin/wms/internal/usecase/warehouses_usecase.go:24.55,28.2 1 1
github.com/robertgarayshin/wms/internal/usecase/mock/mocks.go:28.55,32.2 3 0
github.com/robertgarayshin/wms/internal/usecase/mock/mocks.go:35.53,37.2 1 0
github.com/robertgarayshin/wms/internal/usecase/mock/mocks.go:40.81,45.2 4 0
github.com/robertgarayshin/wms/internal/usecase/mock/mocks.go:48.83,51.2 2 0
github.com/robertgarayshin/wms/internal/usecase/mock/mocks.go:54.86,60.2 5 0
github.com/robertgarayshin/wms/internal/usecase/mock/mocks.go:63.80,66.2 2 0
github.com/robertgarayshin/wms/internal/usecase/mock/mocks.go:80.69,84.2 3 0
github.com/robertgarayshin/wms/internal/usecase/mock/mocks.go:87.67,89.2 1 0
github.com/robertgarayshin/wms/internal/usecase/mock/mocks.go:92.89,97.2 4 0
github.com/robertgarayshin/wms/internal/usecase/mock/mocks.go:100.96,103.2 2 0
github.com/robertgarayshin/wms/internal/usecase/mock/mocks.go:106.79,111.2 4 0
github.com/robertgarayshin/wms/internal/usecase/mock/mocks.go:114.86,117.2 2 0
github.com/robertgarayshin/wms/internal/usecase/mock/mocks.go:131.63,135.2 3 0
github.com/robertgarayshin/wms/internal/usecase/mock/mocks.go:138.61,140.2 1 0
github.com/robertgarayshin/wms/internal/usecase/mock/mocks.go:143.96,148.2 4 0
github.com/robertgarayshin/wms/internal/usecase/mock/mocks.go:151.95,154.2 2 0
github.com/robertgarayshin/wms/internal/usecase/mock/mocks.go:168.63,172.2 3 1
github.com/robertgarayshin/wms/internal/usecase/mock/mocks.go:175.61,177.2 1 1
github.com/robertgarayshin/wms/internal/usecase/mock/mocks.go:180.101,186.2 5 1
github.com/robertgarayshin/wms/internal/usecase/mock/mocks.go:189.95,192.2 2 1
github.com/robertgarayshin/wms/internal/usecase/mock/mocks.go:195.84,200.2 4 1
github.com/robertgarayshin/wms/internal/usecase/mock/mocks.go:203.86,206.2 2 1
github.com/robertgarayshin/wms/internal/usecase/mock/mocks.go:220.77,224.2 3 1
github.com/robertgarayshin/wms/internal/usecase/mock/mocks.go:227.75,229.2 1 1
github.com/robertgarayshin/wms/internal/usecase/mock/mocks.go:232.93,237.2 4 1
github.com/robertgarayshin/wms/internal/usecase/mock/mocks.go:240.100,243.2 2 1
github.com/robertgarayshin/wms/internal/usecase/mock/mocks.go:246.93,251.2 4 1
github.com/robertgarayshin/wms/internal/usecase/mock/mocks.go:254.100,257.2 2 1
github.com/robertgarayshin/wms/internal/usecase/mock/mocks.go:271.73,275.2 3 1
github.com/robertgarayshin/wms/internal/usecase/mock/mocks.go:278.71,280.2 1 1
github.com/robertgarayshin/wms/internal/usecase/mock/mocks.go:283.97,288.2 4 1
github.com/robertgarayshin/wms/internal/usecase/mock/mocks.go:291.96,294.2 2 1
github.com/robertgarayshin/wms/docs/docs.go:349.13,351.2 1 1
github.com/robertgarayshin/wms/internal/controller/http/v1/items_router.go:22.87,29.2 3 1
github.com/robertgarayshin/wms/internal/controller/http/v1/items_router.go:29.2,32.3 2 1
github.com/robertgarayshin/wms/internal/controller/http/v1/items_router.go:46.59,48.16 2 1
github.com/robertgarayshin/wms/internal/controller/http/v1/items_router.go:48.16,53.3 3 1
github.com/robertgarayshin/wms/internal/controller/http/v1/items_router.go:55.2,56.16 2 1
github.com/robertgarayshin/wms/internal/controller/http/v1/items_router.go:56.16,61.3 3 1
github.com/robertgarayshin/wms/internal/controller/http/v1/items_router.go:63.2,63.38 1 1
github.com/robertgarayshin/wms/internal/controller/http/v1/items_router.go:82.54,84.46 2 1
github.com/robertgarayshin/wms/internal/controller/http/v1/items_router.go:84.46,89.3 3 1
github.com/robertgarayshin/wms/internal/controller/http/v1/items_router.go:90.2,91.49 2 1
github.com/robertgarayshin/wms/internal/controller/http/v1/items_router.go:91.49,96.3 3 1
github.com/robertgarayshin/wms/internal/controller/http/v1/items_router.go:96.8,96.23 1 1
github.com/robertgarayshin/wms/internal/controller/http/v1/items_router.go:96.23,101.3 3 1
github.com/robertgarayshin/wms/internal/controller/http/v1/items_router.go:103.2,103.70 1 1
github.com/robertgarayshin/wms/internal/controller/http/v1/reservations_router.go:19.101,26.2 3 1
github.com/robertgarayshin/wms/internal/controller/http/v1/reservations_router.go:26.2,29.3 2 1
github.com/robertgarayshin/wms/internal/controller/http/v1/reservations_router.go:47.57,49.37 2 1
github.com/robertgarayshin/wms/internal/controller/http/v1/reservations_router.go:49.37,53.3 2 1
github.com/robertgarayshin/wms/internal/controller/http/v1/reservations_router.go:55.2,56.58 2 1
github.com/robertgarayshin/wms/internal/controller/http/v1/reservations_router.go:56.58,60.3 2 1
github.com/robertgarayshin/wms/internal/controller/http/v1/reservations_router.go:60.8,60.23 1 1
github.com/robertgarayshin/wms/internal/controller/http/v1/reservations_router.go:60.23,65.3 3 1
github.com/robertgarayshin/wms/internal/controller/http/v1/reservations_router.go:67.2,67.76 1 1
github.com/robertgarayshin/wms/internal/controller/http/v1/reservations_router.go:81.67,83.51 2 1
github.com/robertgarayshin/wms/internal/controller/http/v1/reservations_router.go:83.51,88.3 3 1
github.com/robertgarayshin/wms/internal/controller/http/v1/reservations_router.go:90.2,91.51 2 1
github.com/robertgarayshin/wms/internal/controller/http/v1/reservations_router.go:91.51,96.3 3 1
github.com/robertgarayshin/wms/internal/controller/http/v1/reservations_router.go:96.8,96.23 1 1
github.com/robertgarayshin/wms/internal/controller/http/v1/reservations_router.go:96.23,101.3 3 1
github.com/robertgarayshin/wms/internal/controller/http/v1/reservations_router.go:103.2,103.73 1 1
github.com/robertgarayshin/wms/internal/controller/http/v1/response.go:18.58,23.2 1 1
github.com/robertgarayshin/wms/internal/controller/http/v1/response.go:26.57,32.2 1 1
github.com/robertgarayshin/wms/internal/controller/http/v1/router.go:28.3,40.2 6 1
github.com/robertgarayshin/wms/internal/controller/http/v1/router.go:40.2,44.3 3 1
github.com/robertgarayshin/wms/internal/controller/http/v1/warehouses_routes.go:18.96,22.2 3 1
github.com/robertgarayshin/wms/internal/controller/http/v1/warehouses_routes.go:22.2,24.3 1 1
github.com/robertgarayshin/wms/internal/controller/http/v1/warehouses_routes.go:42.63,44.46 2 1
github.com/robertgarayshin/wms/internal/controller/http/v1/warehouses_routes.go:44.46,49.3 3 1
github.com/robertgarayshin/wms/internal/controller/http/v1/warehouses_routes.go:51.2,51.88 1 1
github.com/robertgarayshin/wms/internal/controller/http/v1/warehouses_routes.go:51.88,56.3 3 1
github.com/robertgarayshin/wms/internal/controller/http/v1/warehouses_routes.go:58.2,58.74 1 1
github.com/robertgarayshin/wms/internal/usecase/mock/mocks.go:28.55,32.2 3 1
github.com/robertgarayshin/wms/internal/usecase/mock/mocks.go:35.53,37.2 1 1
github.com/robertgarayshin/wms/internal/usecase/mock/mocks.go:40.81,45.2 4 1
github.com/robertgarayshin/wms/internal/usecase/mock/mocks.go:48.83,51.2 2 1
github.com/robertgarayshin/wms/internal/usecase/mock/mocks.go:54.86,60.2 5 1
github.com/robertgarayshin/wms/internal/usecase/mock/mocks.go:63.80,66.2 2 1
github.com/robertgarayshin/wms/internal/usecase/mock/mocks.go:80.69,84.2 3 1
github.com/robertgarayshin/wms/internal/usecase/mock/mocks.go:87.67,89.2 1 1
github.com/robertgarayshin/wms/internal/usecase/mock/mocks.go:92.89,97.2 4 1
github.com/robertgarayshin/wms/internal/usecase/mock/mocks.go:100.96,103.2 2 1
github.com/robertgarayshin/wms/internal/usecase/mock/mocks.go:106.79,111.2 4 1
github.com/robertgarayshin/wms/internal/usecase/mock/mocks.go:114.86,117.2 2 1
github.com/robertgarayshin/wms/internal/usecase/mock/mocks.go:131.63,135.2 3 1
github.com/robertgarayshin/wms/internal/usecase/mock/mocks.go:138.61,140.2 1 1
github.com/robertgarayshin/wms/internal/usecase/mock/mocks.go:143.96,148.2 4 1
github.com/robertgarayshin/wms/internal/usecase/mock/mocks.go:151.95,154.2 2 1
github.com/robertgarayshin/wms/internal/usecase/mock/mocks.go:168.63,172.2 3 0
github.com/robertgarayshin/wms/internal/usecase/mock/mocks.go:175.61,177.2 1 0
github.com/robertgarayshin/wms/internal/usecase/mock/mocks.go:180.101,186.2 5 0
github.com/robertgarayshin/wms/internal/usecase/mock/mocks.go:189.95,192.2 2 0
github.com/robertgarayshin/wms/internal/usecase/mock/mocks.go:195.84,200.2 4 0
github.com/robertgarayshin/wms/internal/usecase/mock/mocks.go:203.86,206.2 2 0
github.com/robertgarayshin/wms/internal/usecase/mock/mocks.go:220.77,224.2 3 0
github.com/robertgarayshin/wms/internal/usecase/mock/mocks.go:227.75,229.2 1 0
github.com/robertgarayshin/wms/internal/usecase/mock/mocks.go:232.93,237.2 4 0
github.com/robertgarayshin/wms/internal/usecase/mock/mocks.go:240.100,243.2 2 0
github.com/robertgarayshin/wms/internal/usecase/mock/mocks.go:246.93,251.2 4 0
github.com/robertgarayshin/wms/internal/usecase/mock/mocks.go:254.100,257.2 2 0
github.com/robertgarayshin/wms/internal/usecase/mock/mocks.go:271.73,275.2 3 0
github.com/robertgarayshin/wms/internal/usecase/mock/mocks.go:278.71,280.2 1 0
github.com/robertgarayshin/wms/internal/usecase/mock/mocks.go:283.97,288.2 4 0
github.com/robertgarayshin/wms/internal/usecase/mock/mocks.go:291.96,294.2 2 0
github.com/robertgarayshin/wms/pkg/logger/logger.go:25.32,28.32 2 0
github.com/robertgarayshin/wms/pkg/logger/logger.go:29.15,30.25 1 0
github.com/robertgarayshin/wms/pkg/logger/logger.go:31.14,32.24 1 0
github.com/robertgarayshin/wms/pkg/logger/logger.go:33.14,34.24 1 0
github.com/robertgarayshin/wms/pkg/logger/logger.go:35.15,36.25 1 0
github.com/robertgarayshin/wms/pkg/logger/logger.go:37.10,38.24 1 0
github.com/robertgarayshin/wms/pkg/logger/logger.go:41.2,49.3 4 0
github.com/robertgarayshin/wms/pkg/logger/logger.go:52.66,54.2 1 0
github.com/robertgarayshin/wms/pkg/logger/logger.go:56.60,58.2 1 0
github.com/robertgarayshin/wms/pkg/logger/logger.go:60.60,62.2 1 0
github.com/robertgarayshin/wms/pkg/logger/logger.go:64.66,65.47 1 0
github.com/robertgarayshin/wms/pkg/logger/logger.go:65.47,67.3 1 0
github.com/robertgarayshin/wms/pkg/logger/logger.go:69.2,69.34 1 0
github.com/robertgarayshin/wms/pkg/logger/logger.go:72.66,76.2 2 0
github.com/robertgarayshin/wms/pkg/logger/logger.go:78.59,79.20 1 0
github.com/robertgarayshin/wms/pkg/logger/logger.go:79.20,81.3 1 0
github.com/robertgarayshin/wms/pkg/logger/logger.go:81.8,83.3 1 0
github.com/robertgarayshin/wms/pkg/logger/logger.go:86.78,87.31 1 0
github.com/robertgarayshin/wms/pkg/logger/logger.go:88.13,89.30 1 0
github.com/robertgarayshin/wms/pkg/logger/logger.go:90.14,91.22 1 0
github.com/robertgarayshin/wms/pkg/logger/logger.go:92.10,93.88 1 0
